<?xml version="1.0" encoding="UTF-8"?>
<!-- Generated by org.testng.reporters.JUnitReportReporter -->
<testsuite hostname="DESKTOP-EH3OPRO" failures="0" tests="2" name="testCases.TC001_AccountRegistrationTest" time="13.947" errors="0" timestamp="2026-07-16T16:53:22 IST" skipped="0">
  <testcase classname="testCases.TC001_AccountRegistrationTest" name="verify_account_registration" time="8.072"/>
  <testcase classname="testCases.TC001_AccountRegistrationTest" name="verify_account_registration" time="5.875"/>
</testsuite> <!-- testCases.TC001_AccountRegistrationTest -->
