<?xml version="1.0" encoding="UTF-8"?>
<!-- Generated by org.testng.reporters.JUnitReportReporter -->
<testsuite hostname="DESKTOP-EH3OPRO" failures="0" tests="3" name="testCases.TC003_LoginDDT" time="31.482" errors="0" timestamp="2026-07-15T14:19:34 IST" skipped="0">
  <testcase classname="testCases.TC003_LoginDDT" name="verify_LoginDDT" time="12.113"/>
  <testcase classname="testCases.TC003_LoginDDT" name="verify_LoginDDT" time="2.863"/>
  <testcase classname="testCases.TC003_LoginDDT" name="verify_LoginDDT" time="16.506"/>
</testsuite> <!-- testCases.TC003_LoginDDT -->
